; Top Design: "end_parallel_termination_lib:cell_1:schematic"
; Netlisted using Hierarchy Policy: "Standard"

Options ResourceUsage=yes UseNutmegFormat=no EnableOptim=no TopDesignName="end_parallel_termination_lib:cell_1:schematic" DcopOutputNodeVoltages=yes DcopOutputPinCurrents=yes DcopOutputAllSweepPoints=no DcopOutputDcopType=0
Tran:Tran1 StartTime=0.0 nsec StopTime=20 nsec MaxTimeStep=1.0 psec LimitStepForTL=yes TimeStepControl=2 TruncTol=7.0 ChargeTol=1.0e-14 IntegMethod=0 MaxGearOrder=2 \
Mu=0.5 MaxOrder=4 Freq[1]=1.0 GHz Order[1]=3 HB_Window=no \
HB_Sol=no ImpApprox=no ShortTL_Delay=1.0 psec ImpMode=1 UseInitCond=no \
LoadGminDC=no CheckKCL=yes CheckOnlyDeltaV=yes OverloadAlert=no DeviceBypass=no \
MaxIters=10 MaxItersDC=200 DevOpPtLevel=0 StatusLevel=2 OutputAllPoints=yes \
NoiseScale=1 ImpEnforcePassivity=yes ImpSkipTotalEnergy=1000 ImpLFEOn=yes \
OutputPlan="Tran1_Output" 

OutputPlan:Tran1_Output \
      Type="Output" \
      UseNodeNestLevel=yes \
      NodeNestLevel=2 \
      UseEquationNestLevel=yes \
      EquationNestLevel=2 \
      UseSavedEquationNestLevel=yes \
      SavedEquationNestLevel=2 \
      UseDeviceCurrentNestLevel=no \
      DeviceCurrentNestLevel=0 \
      DeviceCurrentDeviceType="All" \
      DeviceCurrentSymSyntax=yes \
      UseCurrentNestLevel=yes \
      CurrentNestLevel=999 \
      UseDeviceVoltageNestLevel=no \
      DeviceVoltageNestLevel=0 \
      DeviceVoltageDeviceType="All"

Short:SRC1  N__0 N__4 Mode=0 SaveCurrent=no
Short:TLD1  N__2 N__7 Mode=0 SaveCurrent=no
Short:R1  N__2 N__0 Mode=0 SaveCurrent=no
Short:R2  N__9 N__8 Mode=0 SaveCurrent=no
Short:R3  N__3 N__7 Mode=0 SaveCurrent=no

Tr=1 nsec
Short:R4  N__1 N__7 Mode=0 SaveCurrent=no
Short:SRC2  N__1 N__6 Mode=0 SaveCurrent=no
Short:TLD2  N__7 N__9 Mode=0 SaveCurrent=no

t_delay=145.4 psec tune{ 5 psec to 2000 psec by 1 psec }
V_Source:SRC3  N__12 0 Type="VtPulse" V_Tran=pulse(time, 0 V,1 V,0 nsec,Tr,Tr,4 nsec,10 nsec) SaveCurrent=1 
#uselib "ckt" , "TLIND"
TLIND:TLD3  N__14 V_Rcv Z=50.0 Ohm Delay=t_delay 
#uselib "ckt" , "TLIND"
TLIND:TLD4  V_Dev V_Rcv Z=50.0 Ohm Delay=1 nsec 
R:R5  V_Rcv 0 R=100 MOhm Noise=yes 
R:R6  N__5 N__14 R=100 Ohm Noise=yes 
R:R8  V_Dev N__12 R=10 Ohm Noise=yes 
V_Source:SRC4  N__5 0 Type="V_DC" Vdc=1.0 V SaveCurrent=1 
R:R7  0 N__14 R=50 Ohm Noise=yes 
