; Top Design: "Reflection_lib:01_reflection_Principle:schematic"
; Netlisted using Hierarchy Policy: "Standard"

Options ResourceUsage=yes UseNutmegFormat=no EnableOptim=no TopDesignName="Reflection_lib:01_reflection_Principle:schematic" DcopOutputNodeVoltages=yes DcopOutputPinCurrents=yes DcopOutputAllSweepPoints=no DcopOutputDcopType=0
Tran:Tran1 StartTime=0.0 nsec StopTime=15 nsec MaxTimeStep=1.0 psec LimitStepForTL=yes TimeStepControl=2 TruncTol=7.0 ChargeTol=1.0e-14 IntegMethod=0 MaxGearOrder=2 \
Mu=0.5 MaxOrder=4 Freq[1]=1.0 GHz Order[1]=3 HB_Window=no \
HB_Sol=no ImpApprox=no ShortTL_Delay=1.0 psec ImpMode=1 UseInitCond=no \
LoadGminDC=no CheckKCL=yes CheckOnlyDeltaV=yes OverloadAlert=no DeviceBypass=no \
MaxIters=10 MaxItersDC=200 DevOpPtLevel=0 StatusLevel=2 OutputAllPoints=yes \
NoiseScale=1 ImpEnforcePassivity=yes ImpSkipTotalEnergy=1000 ImpLFEOn=yes \
OutputPlan="Tran1_Output" 

OutputPlan:Tran1_Output \
      Type="Output" \
      UseNodeNestLevel=yes \
      NodeNestLevel=2 \
      UseEquationNestLevel=yes \
      EquationNestLevel=2 \
      UseSavedEquationNestLevel=yes \
      SavedEquationNestLevel=2 \
      UseDeviceCurrentNestLevel=no \
      DeviceCurrentNestLevel=0 \
      DeviceCurrentDeviceType="All" \
      DeviceCurrentSymSyntax=yes \
      UseCurrentNestLevel=yes \
      CurrentNestLevel=999 \
      UseDeviceVoltageNestLevel=no \
      DeviceVoltageNestLevel=0 \
      DeviceVoltageDeviceType="All"

#uselib "ckt" , "TLIND"
TLIND:TLD1  Vinc V_R Z=50.0 Ohm Delay=1 nsec 
#uselib "ckt" , "TLIND"
TLIND:TLD2  V_R V_T Z=75 Ohm Delay=10 nsec 
R:R1  N__5 Vinc R=50 Ohm Noise=yes 
R:R2  V_T 0 R=50 Ohm Noise=yes 
V_Source:SRC1  N__5 0 Type="VtPulse" V_Tran=pulse(time, 0 V,2 V,0 nsec,0 nsec,0 nsec,5 nsec,10 nsec) SaveCurrent=1 
