; Top Design: "05.current_on_return_path_lib:voltage_prop:schematic"
; Netlisted using Hierarchy Policy: "Standard"

Options ResourceUsage=yes UseNutmegFormat=no EnableOptim=no TopDesignName="05.current_on_return_path_lib:voltage_prop:schematic" DcopOutputNodeVoltages=yes DcopOutputPinCurrents=yes DcopOutputAllSweepPoints=no DcopOutputDcopType=0

Len=4000 mil
R:R1  N__5 V2 R=50 Ohm Noise=yes 
V_Source:SRC1  N__5 0 Type="VtPulse" V_Tran=cos_pulse(time, 0 V,2 V,1 nsec,1 nsec,1 nsec,9 nsec,20 nsec) SaveCurrent=1 
Tran:Tran1 StartTime=0.0 nsec StopTime=5 nsec MaxTimeStep=10 psec LimitStepForTL=yes TimeStepControl=2 TruncTol=7.0 ChargeTol=1.0e-14 IntegMethod=0 MaxGearOrder=2 \
Mu=0.5 MaxOrder=4 Freq[1]=1.0 GHz Order[1]=3 HB_Window=no \
HB_Sol=no ImpApprox=no ShortTL_Delay=1.0 psec ImpMode=1 UseInitCond=no \
LoadGminDC=no CheckKCL=yes CheckOnlyDeltaV=yes OverloadAlert=no DeviceBypass=no \
MaxIters=10 MaxItersDC=200 DevOpPtLevel=0 StatusLevel=2 OutputAllPoints=yes \
NoiseScale=1 ImpEnforcePassivity=yes ImpSkipTotalEnergy=1000 ImpLFEOn=yes \
OutputPlan="Tran1_Output" 

OutputPlan:Tran1_Output \
      Type="Output" \
      UseNodeNestLevel=yes \
      NodeNestLevel=2 \
      UseEquationNestLevel=yes \
      EquationNestLevel=2 \
      UseSavedEquationNestLevel=yes \
      SavedEquationNestLevel=2 \
      UseDeviceCurrentNestLevel=no \
      DeviceCurrentNestLevel=0 \
      DeviceCurrentDeviceType="All" \
      DeviceCurrentSymSyntax=yes \
      UseCurrentNestLevel=yes \
      CurrentNestLevel=999 \
      UseDeviceVoltageNestLevel=no \
      DeviceVoltageNestLevel=0 \
      DeviceVoltageDeviceType="All"

model Subst1 Substrate N=3 Er[1]=3.8 H[1]=3.24 mil TanD[1]=0.008 T[1]=1.2 mil Cond[1]=58E+6 Er[2]=1 H[2]=30 mil TanD[2]=0 T[2]=0 mil Cond[2]=1.0E+50 T[3]=0 mil Cond[3]=1.0E+50 LayerType[1]="signal" LayerType[2]="signal" LayerType[3]="ground" DielectricLossModel=1 FreqForEpsrTanD=1.0 GHz LowFreqForTanD=1.0 kHz HighFreqForTanD=1.0 THz RoughnessModel=2 Rough=0 mil Huray_RatioOfA=1 Huray_r=0 um Huray_Aflat=0 um * 1 um Huray_N=14 
PC_Line:CLin1  Voltage1 N__19 N__20 N__21 N=2 Subst="Subst1" Length=Len W[1]=6 mil S[1]=-403 mil W[2]=800 mil Layer[1]=1 Layer[2]=2 ReuseRLGC=0 W_FileFormat=0 
Short:I_Plane1  N__19 0 Mode=0 SaveCurrent=yes 
Short:I_Sig1  V2 Voltage1 Mode=0 SaveCurrent=yes 
PC_Line:CLin2  N__2 N__11 N__0 N__15 N=2 Subst="Subst1" Length=Len W[1]=6 mil S[1]=-403 mil W[2]=800 mil Layer[1]=1 Layer[2]=2 ReuseRLGC=0 W_FileFormat=0 
Short:I_Sig2  N__21 N__2 Mode=0 SaveCurrent=yes 
Short:I_Plane2  N__11 N__20 Mode=0 SaveCurrent=yes 
PC_Line:CLin3  N__9 N__1 N__10 N__13 N=2 Subst="Subst1" Length=20 meter W[1]=6 mil S[1]=-403 mil W[2]=800 mil Layer[1]=1 Layer[2]=2 ReuseRLGC=0 W_FileFormat=0 
Short:I_Sig3  N__15 N__9 Mode=0 SaveCurrent=yes 
Short:I_Plane3  N__1 N__0 Mode=0 SaveCurrent=yes 
R:R2  N__10 0 R=50 Ohm Noise=yes 
R:R3  N__13 0 R=50 Ohm Noise=yes 
