; Top Design: "return_strip_lib:return_strip:schematic"
; Netlisted using Hierarchy Policy: "Standard"

Options ResourceUsage=yes UseNutmegFormat=no EnableOptim=no TopDesignName="return_strip_lib:return_strip:schematic" DcopOutputNodeVoltages=yes DcopOutputPinCurrents=yes DcopOutputAllSweepPoints=no DcopOutputDcopType=0
Tran:Tran1 StartTime=0.0 nsec StopTime=3 nsec MaxTimeStep=100 psec LimitStepForTL=yes TimeStepControl=2 TruncTol=7.0 ChargeTol=1.0e-14 IntegMethod=0 MaxGearOrder=2 \
Mu=0.5 MaxOrder=4 Freq[1]=1.0 GHz Order[1]=3 HB_Window=no \
HB_Sol=no ImpApprox=no ShortTL_Delay=1.0 psec ImpMode=1 UseInitCond=no \
LoadGminDC=no CheckKCL=yes CheckOnlyDeltaV=yes OverloadAlert=no DeviceBypass=no \
MaxIters=10 MaxItersDC=200 DevOpPtLevel=0 StatusLevel=2 OutputAllPoints=yes \
NoiseScale=1 ImpEnforcePassivity=yes ImpSkipTotalEnergy=1000 ImpLFEOn=yes \
OutputPlan="Tran1_Output" 

OutputPlan:Tran1_Output \
      Type="Output" \
      UseNodeNestLevel=yes \
      NodeNestLevel=2 \
      UseEquationNestLevel=yes \
      EquationNestLevel=2 \
      UseSavedEquationNestLevel=yes \
      SavedEquationNestLevel=2 \
      UseDeviceCurrentNestLevel=no \
      DeviceCurrentNestLevel=0 \
      DeviceCurrentDeviceType="All" \
      DeviceCurrentSymSyntax=yes \
      UseCurrentNestLevel=yes \
      CurrentNestLevel=999 \
      UseDeviceVoltageNestLevel=no \
      DeviceVoltageNestLevel=0 \
      DeviceVoltageDeviceType="All"


Len=20000mil
V_Source:SRC1  N__0 N__1 Type="VtPulse" V_Tran=cos_pulse(time, 0 V,2 V,1 nsec,1 nsec,1 nsec,9 nsec,20 nsec) SaveCurrent=1 
R:R1  N__0 Vin1 R=50 Ohm Noise=yes 
Short:I_Probe1  Vin1 N__5 Mode=0 SaveCurrent=yes 
Short:I_Probe2  N__6 0 Mode=0 SaveCurrent=yes 
PC_Line:CLin1  N__3 N__5 N__6 N__11 N__9 N__13 N=3 Subst="Subst1" Length=Len W[1]=200 mil S[1]=-103 mil W[2]=6 mil S[2]=-103 mil W[3]=200 mil Layer[1]=1 Layer[2]=2 Layer[3]=3 ReuseRLGC=0 W_FileFormat=0 
Short:I_Probe3  N__3 0 Mode=0 SaveCurrent=yes 
R:R2  N__9 0 R=50 Ohm Noise=yes 
R:R3  N__13 0 R=50 Ohm Noise=yes 
R:R4  N__11 0 R=50 Ohm Noise=yes 
model Subst1 Substrate N=4 Er[1]=3.8 H[1]=8.4 mil TanD[1]=0 T[1]=1.2 mil Cond[1]=1.0E+50 Er[2]=3.8 H[2]=7.2 mil TanD[2]=0 T[2]=1.2 mil Cond[2]=1.0E+50 Er[3]=4.5 H[3]=80 mil TanD[3]=0 T[3]=-1.2 mil Cond[3]=1.0E+50 T[4]=0 mil Cond[4]=1.0E+50 LayerType[1]="signal" LayerType[2]="signal" LayerType[3]="signal" LayerType[4]="ground" DielectricLossModel=1 FreqForEpsrTanD=1.0 GHz LowFreqForTanD=1.0 kHz HighFreqForTanD=1.0 THz RoughnessModel=2 Rough=0 mil Huray_RatioOfA=1 Huray_r=0 um Huray_Aflat=0 um * 1 um Huray_N=14 
V_Source:SRC2  N__10 N__17 Type="VtPulse" V_Tran=cos_pulse(time, 0 V,2 V,1 nsec,1 nsec,1 nsec,9 nsec,20 nsec) SaveCurrent=1 
R:R5  N__8 0 R=50 Ohm Noise=yes 
R:R6  N__14 0 R=50 Ohm Noise=yes 
R:R7  N__16 0 R=50 Ohm Noise=yes 
R:R8  N__10 Vin2 R=50 Ohm Noise=yes 
Short:I_Probe4  N__7 0 Mode=0 SaveCurrent=yes 
Short:I_Probe5  N__4 0 Mode=0 SaveCurrent=yes 
Short:I_Probe6  Vin2 N__12 Mode=0 SaveCurrent=yes 
PC_Line:CLin2  N__7 N__12 N__4 N__8 N__14 N__16 N=3 Subst="Subst2" Length=Len W[1]=200 mil S[1]=-103 mil W[2]=6 mil S[2]=-103 mil W[3]=200 mil Layer[1]=1 Layer[2]=2 Layer[3]=3 ReuseRLGC=0 W_FileFormat=0 
model Subst2 Substrate N=4 Er[1]=3.8 H[1]=12.18 mil TanD[1]=0 T[1]=1.2 mil Cond[1]=1.0E+50 Er[2]=3.8 H[2]=5.49 mil TanD[2]=0 T[2]=1.2 mil Cond[2]=1.0E+50 Er[3]=4.5 H[3]=80 mil TanD[3]=0 T[3]=-1.2 mil Cond[3]=1.0E+50 T[4]=0 mil Cond[4]=1.0E+50 LayerType[1]="signal" LayerType[2]="signal" LayerType[3]="signal" LayerType[4]="ground" DielectricLossModel=1 FreqForEpsrTanD=1.0 GHz LowFreqForTanD=1.0 kHz HighFreqForTanD=1.0 THz RoughnessModel=2 Rough=0 mil Huray_RatioOfA=1 Huray_r=0 um Huray_Aflat=0 um * 1 um Huray_N=14 
V_Source:SRC3  N__25 N__23 Type="VtPulse" V_Tran=cos_pulse(time, 0 V,2 V,1 nsec,1 nsec,1 nsec,9 nsec,20 nsec) SaveCurrent=1 
R:R9  N__25 Vin3 R=50 Ohm Noise=yes 
R:R10  N__22 0 R=50 Ohm Noise=yes 
R:R11  N__18 0 R=50 Ohm Noise=yes 
R:R12  N__20 0 R=50 Ohm Noise=yes 
Short:I_Probe7  Vin3 N__24 Mode=0 SaveCurrent=yes 
Short:I_Probe8  N__26 0 Mode=0 SaveCurrent=yes 
Short:I_Probe9  N__21 0 Mode=0 SaveCurrent=yes 
PC_Line:CLin3  N__21 N__24 N__26 N__20 N__18 N__22 N=3 Subst="Subst3" Length=Len W[1]=200 mil S[1]=-103 mil W[2]=6 mil S[2]=-103 mil W[3]=200 mil Layer[1]=1 Layer[2]=2 Layer[3]=3 ReuseRLGC=0 W_FileFormat=0 
model Subst3 Substrate N=4 Er[1]=3.8 H[1]=16.14 mil TanD[1]=0 T[1]=1.2 mil Cond[1]=1.0E+50 Er[2]=3.8 H[2]=4.98 mil TanD[2]=0 T[2]=1.2 mil Cond[2]=1.0E+50 Er[3]=4.5 H[3]=80 mil TanD[3]=0 T[3]=-1.2 mil Cond[3]=1.0E+50 T[4]=0 mil Cond[4]=1.0E+50 LayerType[1]="signal" LayerType[2]="signal" LayerType[3]="signal" LayerType[4]="ground" DielectricLossModel=1 FreqForEpsrTanD=1.0 GHz LowFreqForTanD=1.0 kHz HighFreqForTanD=1.0 THz RoughnessModel=2 Rough=0 mil Huray_RatioOfA=1 Huray_r=0 um Huray_Aflat=0 um * 1 um Huray_N=14 
