; Top Design: "Ringing_at_the_falling_edge_lib:cell_1:schematic"
; Netlisted using Hierarchy Policy: "Standard"

Options ResourceUsage=yes UseNutmegFormat=no EnableOptim=no TopDesignName="Ringing_at_the_falling_edge_lib:cell_1:schematic" DcopOutputNodeVoltages=yes DcopOutputPinCurrents=yes DcopOutputAllSweepPoints=no DcopOutputDcopType=0
Tran:Tran1 StartTime=0.0 nsec StopTime=80.0 nsec MaxTimeStep=1.0 psec LimitStepForTL=yes TimeStepControl=2 TruncTol=7.0 ChargeTol=1.0e-14 IntegMethod=0 MaxGearOrder=2 \
Mu=0.5 MaxOrder=4 Freq[1]=1.0 GHz Order[1]=3 HB_Window=no \
HB_Sol=no ImpApprox=no ShortTL_Delay=1.0 psec ImpMode=1 UseInitCond=no \
LoadGminDC=no CheckKCL=yes CheckOnlyDeltaV=yes OverloadAlert=no DeviceBypass=no \
MaxIters=10 MaxItersDC=200 DevOpPtLevel=0 StatusLevel=2 OutputAllPoints=yes \
NoiseScale=1 ImpEnforcePassivity=yes ImpSkipTotalEnergy=1000 ImpLFEOn=yes \
OutputPlan="Tran1_Output" 

OutputPlan:Tran1_Output \
      Type="Output" \
      UseNodeNestLevel=yes \
      NodeNestLevel=2 \
      UseEquationNestLevel=yes \
      EquationNestLevel=2 \
      UseSavedEquationNestLevel=yes \
      SavedEquationNestLevel=2 \
      UseDeviceCurrentNestLevel=no \
      DeviceCurrentNestLevel=0 \
      DeviceCurrentDeviceType="All" \
      DeviceCurrentSymSyntax=yes \
      UseCurrentNestLevel=yes \
      CurrentNestLevel=999 \
      UseDeviceVoltageNestLevel=no \
      DeviceVoltageNestLevel=0 \
      DeviceVoltageDeviceType="All"

V_Source:SRC1  N__0 0 Type="VtPulse" V_Tran=pulse(time, 0 V,1.2 V,0 nsec,0 nsec,0 nsec,40 nsec,80 nsec) SaveCurrent=1 
R:R1  N__0 V_Drv R=10 Ohm Noise=yes 
R:R2  V_Rcv 0 R=50 MOhm Noise=yes 
#uselib "ckt" , "TLIND"
TLIND:TLD1  V_Drv V_Rcv Z=50.0 Ohm Delay=1 nsec 
V_Source:SRC2  V1 0 Type="VtPulse" V_Tran=pulse(time, 0 V,2 V,1 nsec,0 nsec,0 nsec,40 nsec,80 nsec) SaveCurrent=1 
R:R3  V1 0 R=50 MOhm Noise=yes 
V_Source:SRC3  V2 0 Type="VtPulse" V_Tran=pulse(time, 0 V,-1.3333 V,3 nsec,0 nsec,0 nsec,40 nsec,80 nsec) SaveCurrent=1 
R:R4  V2 0 R=50 MOhm Noise=yes 
V_Source:SRC4  V3 0 Type="VtPulse" V_Tran=pulse(time, 0 V,0.889 V,5 nsec,0 nsec,0 nsec,40 nsec,80 nsec) SaveCurrent=1 
R:R5  V3 0 R=50 MOhm Noise=yes 
V_Source:SRC5  V4 0 Type="VtPulse" V_Tran=pulse(time, 0 V,-0.59 V,7 nsec,0 nsec,0 nsec,40 nsec,80 nsec) SaveCurrent=1 
R:R6  V4 0 R=50 MOhm Noise=yes 
