; Top Design: "Wave_Propagation_lib:delay_wave_propagation:schematic"
; Netlisted using Hierarchy Policy: "Standard"

Options ResourceUsage=yes UseNutmegFormat=no EnableOptim=no TopDesignName="Wave_Propagation_lib:delay_wave_propagation:schematic" DcopOutputNodeVoltages=yes DcopOutputPinCurrents=yes DcopOutputAllSweepPoints=no DcopOutputDcopType=0
V_Source:SRC1  N__1 0 Type="VtPulse" V_Tran=cos_pulse(time, 0 V,2 V,1 nsec,1 nsec,1 nsec,9 nsec,20 nsec) SaveCurrent=1 
R:R1  N__1 N__0 R=50 Ohm Noise=yes 
R:R2  sig_micro 0 R=50 Ohm Noise=yes 

Len=10000mil
model Subst1 Substrate N=2 Er=3.8 H=3.24 mil TanD=0.001 T[1]=1.2 mil Cond[1]=58E+16 T[2]=1.2 mil Cond[2]=58E+16 LayerType[1]="signal" LayerType[2]="ground" DielectricLossModel=1 FreqForEpsrTanD=1.0 GHz LowFreqForTanD=1.0 kHz HighFreqForTanD=1.0 THz RoughnessModel=2 Rough=0 mil Huray_RatioOfA=1 Huray_r=0 um Huray_Aflat=0 um * 1 um Huray_N=14 
V_Source:SRC2  N__4 0 Type="VtPulse" V_Tran=cos_pulse(time, 0 V,2 V,1 nsec,1 nsec,1 nsec,9 nsec,20 nsec) SaveCurrent=1 
R:R3  sig_strip 0 R=50 Ohm Noise=yes 
R:R4  N__4 N__3 R=50 Ohm Noise=yes 
model Subst2 Substrate N=3 Er[1]=3.8 H[1]=8.44 mil TanD[1]=0 T[1]=1.2 mil Cond[1]=1.0E+50 Er[2]=3.8 H[2]=7.24 mil TanD[2]=0 T[2]=1.2 mil Cond[2]=1.0E+50 T[3]=1.2 mil Cond[3]=1.0E+50 LayerType[1]="ground" LayerType[2]="signal" LayerType[3]="ground" DielectricLossModel=1 FreqForEpsrTanD=1.0 GHz LowFreqForTanD=1.0 kHz HighFreqForTanD=1.0 THz RoughnessModel=2 Rough=0 mil Huray_RatioOfA=1 Huray_r=0 um Huray_Aflat=0 um * 1 um Huray_N=14 
PC_Line:TL2  N__3 sig_strip N=1 S=0 Subst="Subst2" Length=Len W=6.0 mil Layer=2 ReuseRLGC=0 W_FileFormat=0 
PC_Line:TL1  N__0 sig_micro N=1 S=0 Subst="Subst1" Length=Len W=6.0 mil Layer=1 ReuseRLGC=0 W_FileFormat=0 
Tran:Tran1 StartTime=0.0 nsec StopTime=5.0 nsec MaxTimeStep=10.0 psec LimitStepForTL=yes TimeStepControl=2 TruncTol=7.0 ChargeTol=1.0e-14 IntegMethod=0 MaxGearOrder=2 \
Mu=0.5 MaxOrder=4 Freq[1]=1.0 GHz Order[1]=3 HB_Window=no \
HB_Sol=no ImpApprox=no ShortTL_Delay=1.0 psec ImpMode=1 UseInitCond=no \
LoadGminDC=no CheckKCL=yes CheckOnlyDeltaV=yes OverloadAlert=no DeviceBypass=no \
MaxIters=10 MaxItersDC=200 DevOpPtLevel=0 StatusLevel=2 OutputAllPoints=yes \
NoiseScale=1 ImpEnforcePassivity=yes ImpSkipTotalEnergy=1000 ImpLFEOn=yes \
OutputPlan="Tran1_Output" 

OutputPlan:Tran1_Output \
      Type="Output" \
      UseNodeNestLevel=yes \
      NodeNestLevel=2 \
      UseEquationNestLevel=yes \
      EquationNestLevel=2 \
      UseSavedEquationNestLevel=yes \
      SavedEquationNestLevel=2 \
      UseDeviceCurrentNestLevel=no \
      DeviceCurrentNestLevel=0 \
      DeviceCurrentDeviceType="All" \
      DeviceCurrentSymSyntax=yes \
      UseCurrentNestLevel=yes \
      CurrentNestLevel=999 \
      UseDeviceVoltageNestLevel=no \
      DeviceVoltageNestLevel=0 \
      DeviceVoltageDeviceType="All"

