; Top Design: "Reflection_Non_zero_Tr_lib:cell_1:schematic"
; Netlisted using Hierarchy Policy: "Standard"

Options ResourceUsage=yes UseNutmegFormat=no EnableOptim=no TopDesignName="Reflection_Non_zero_Tr_lib:cell_1:schematic" DcopOutputNodeVoltages=yes DcopOutputPinCurrents=yes DcopOutputAllSweepPoints=no DcopOutputDcopType=0
Tran:Tran1 StartTime=0.0 nsec StopTime=20 nsec MaxTimeStep=1 psec LimitStepForTL=yes TimeStepControl=2 TruncTol=7.0 ChargeTol=1.0e-14 IntegMethod=0 MaxGearOrder=2 \
Mu=0.5 MaxOrder=4 Freq[1]=1.0 GHz Order[1]=3 HB_Window=no \
HB_Sol=no ImpApprox=no ShortTL_Delay=1.0 psec ImpMode=1 UseInitCond=no \
LoadGminDC=no CheckKCL=yes CheckOnlyDeltaV=yes OverloadAlert=no DeviceBypass=no \
MaxIters=10 MaxItersDC=200 DevOpPtLevel=0 StatusLevel=2 OutputAllPoints=yes \
NoiseScale=1 ImpEnforcePassivity=yes ImpSkipTotalEnergy=1000 ImpLFEOn=yes \
OutputPlan="Tran1_Output" 

OutputPlan:Tran1_Output \
      Type="Output" \
      UseNodeNestLevel=yes \
      NodeNestLevel=2 \
      UseEquationNestLevel=yes \
      EquationNestLevel=2 \
      UseSavedEquationNestLevel=yes \
      SavedEquationNestLevel=2 \
      UseDeviceCurrentNestLevel=no \
      DeviceCurrentNestLevel=0 \
      DeviceCurrentDeviceType="All" \
      DeviceCurrentSymSyntax=yes \
      UseCurrentNestLevel=yes \
      CurrentNestLevel=999 \
      UseDeviceVoltageNestLevel=no \
      DeviceVoltageNestLevel=0 \
      DeviceVoltageDeviceType="All"

V_Source:SRC1  N__0 0 Type="VtPulse" V_Tran=pulse(time, 0 V,2 V,0 nsec,2 nsec,2 nsec,3 nsec,100 nsec) SaveCurrent=1 
#uselib "ckt" , "TLIND"
TLIND:TLD1  V_Drv V_Rcv Z=50.0 Ohm Delay=t_delay 
R:R1  N__0 V_Drv R=50 Ohm Noise=yes 
R:R2  V_Rcv 0 R=33.33333 Ohm Noise=yes 

t_delay=0.396 nsec tune{ 0.1 nsec to 7.5 nsec by 0.5 nsec }
V_Source:SRC2  Vin 0 Type="VtPulse" V_Tran=pulse(time, 0 V,1 V,0 nsec,2 nsec,2 nsec,3 nsec,100 nsec) SaveCurrent=1 
R:R3  Vin 0 R=50 Ohm Noise=yes 
V_Source:SRC3  Vreflect 0 Type="VtPulse" V_Tran=pulse(time, 0 V,-0.2 V,2*t_delay,2 nsec,2 nsec,3 nsec,100 nsec) SaveCurrent=1 
R:R4  Vreflect 0 R=50 Ohm Noise=yes 
