; Top Design: "02.relationship_between_RiseTime_and_bandwidth_lib:sig_filter:schematic"
; Netlisted using Hierarchy Policy: "Standard"

Options ResourceUsage=yes UseNutmegFormat=no EnableOptim=no TopDesignName="02.relationship_between_RiseTime_and_bandwidth_lib:sig_filter:schematic" DcopOutputNodeVoltages=yes DcopOutputPinCurrents=yes DcopOutputAllSweepPoints=no DcopOutputDcopType=0
#uselib "ckt" , "LPF_Bessel"
LPF_Bessel:LPF1  N__0 sig_wfilter Fpass=1 GHz Apass=3.0103 dB GDpass=0.9 StopType="open" N=0 IL=0 dB Qu=1E308 Z1=50 Ohm Z2=50 Ohm 
R:R1  N__1 N__0 R=50 Ohm Noise=yes 
R:R2  sig_wfilter 0 R=50 Ohm Noise=yes 
V_Source:SRC1  N__1 0 Type="VtPulse" V_Tran=cos_pulse(time, 0 V,2 V,2 nsec,0 nsec,0 nsec,5 nsec,10 nsec) SaveCurrent=1 
Tran:Tran1 StartTime=0.0 nsec StopTime=20.0 nsec MaxTimeStep=10.0 psec LimitStepForTL=yes TimeStepControl=2 TruncTol=7.0 ChargeTol=1.0e-14 IntegMethod=0 MaxGearOrder=2 \
Mu=0.5 MaxOrder=4 Freq[1]=1.0 GHz Order[1]=3 HB_Window=no \
HB_Sol=no ImpApprox=no ShortTL_Delay=1.0 psec ImpMode=1 UseInitCond=no \
LoadGminDC=no CheckKCL=yes CheckOnlyDeltaV=yes OverloadAlert=no DeviceBypass=no \
MaxIters=10 MaxItersDC=200 DevOpPtLevel=0 StatusLevel=2 OutputAllPoints=yes \
NoiseScale=1 ImpEnforcePassivity=yes ImpSkipTotalEnergy=1000 ImpLFEOn=yes \
OutputPlan="Tran1_Output" 

OutputPlan:Tran1_Output \
      Type="Output" \
      UseNodeNestLevel=yes \
      NodeNestLevel=2 \
      UseEquationNestLevel=yes \
      EquationNestLevel=2 \
      UseSavedEquationNestLevel=yes \
      SavedEquationNestLevel=2 \
      UseDeviceCurrentNestLevel=no \
      DeviceCurrentNestLevel=0 \
      DeviceCurrentDeviceType="All" \
      DeviceCurrentSymSyntax=yes \
      UseCurrentNestLevel=yes \
      CurrentNestLevel=999 \
      UseDeviceVoltageNestLevel=no \
      DeviceVoltageNestLevel=0 \
      DeviceVoltageDeviceType="All"

V_Source:SRC2  N__4 0 Type="VtPulse" V_Tran=cos_pulse(time, 0 V,2 V,2 nsec,0 nsec,0 nsec,5 nsec,10 nsec) SaveCurrent=1 
R:R3  N__4 sig_nofilter R=50 Ohm Noise=yes 
R:R4  sig_nofilter 0 R=50 Ohm Noise=yes 
