; Top Design: "Characteristics_of_T-topology_structure_lib:cell_1:schematic"
; Netlisted using Hierarchy Policy: "Standard"

Options ResourceUsage=yes UseNutmegFormat=no EnableOptim=no TopDesignName="Characteristics_of_T-topology_structure_lib:cell_1:schematic" DcopOutputNodeVoltages=yes DcopOutputPinCurrents=yes DcopOutputAllSweepPoints=no DcopOutputDcopType=0
R:R1  N__2 V_Drv R=50 Ohm Noise=yes 
V_Source:SRC1  N__2 0 Type="VtPulse" V_Tran=cos_pulse(time, 0 V,2 V,0 nsec,Tr,Tr,4 nsec,10 nsec) SaveCurrent=1 
#uselib "ckt" , "TLIND"
TLIND:TLD2  N__4 V_Rcv_1 Z=50.0 Ohm Delay=delay_branch 
#uselib "ckt" , "TLIND"
TLIND:TLD1  V_Drv N__4 Z=50.0 Ohm Delay=2000 psec 
#uselib "ckt" , "TLIND"
TLIND:TLD3  N__4 V_Rcv_2 Z=50.0 Ohm Delay=delay_branch 
R:R2  V_Rcv_1 0 R=50 MOhm Noise=yes 
R:R3  V_Rcv_2 0 R=50 MOhm Noise=yes 
Tran:Tran1 StartTime=0.0 nsec StopTime=20.0 nsec MaxTimeStep=1.0 psec LimitStepForTL=yes TimeStepControl=2 TruncTol=7.0 ChargeTol=1.0e-14 IntegMethod=0 MaxGearOrder=2 \
Mu=0.5 MaxOrder=4 Freq[1]=1.0 GHz Order[1]=3 HB_Window=no \
HB_Sol=no ImpApprox=no ShortTL_Delay=1.0 psec ImpMode=1 UseInitCond=no \
LoadGminDC=no CheckKCL=yes CheckOnlyDeltaV=yes OverloadAlert=no DeviceBypass=no \
MaxIters=10 MaxItersDC=200 DevOpPtLevel=0 StatusLevel=2 OutputAllPoints=yes \
NoiseScale=1 ImpEnforcePassivity=yes ImpSkipTotalEnergy=1000 ImpLFEOn=yes \
OutputPlan="Tran1_Output" 

OutputPlan:Tran1_Output \
      Type="Output" \
      UseNodeNestLevel=yes \
      NodeNestLevel=2 \
      UseEquationNestLevel=yes \
      EquationNestLevel=2 \
      UseSavedEquationNestLevel=yes \
      SavedEquationNestLevel=2 \
      UseDeviceCurrentNestLevel=no \
      DeviceCurrentNestLevel=0 \
      DeviceCurrentDeviceType="All" \
      DeviceCurrentSymSyntax=yes \
      UseCurrentNestLevel=yes \
      CurrentNestLevel=999 \
      UseDeviceVoltageNestLevel=no \
      DeviceVoltageNestLevel=0 \
      DeviceVoltageDeviceType="All"

Short:R4  V_Rcv_1 N__7 Mode=0 SaveCurrent=no
Short:R5  V_Rcv_2 N__6 Mode=0 SaveCurrent=no

Tr=0 psec tune{ 0 psec to 500 psec by 0.1 psec }

delay_branch=200 pesc
